<?xml version="1.0" encoding="UTF-8" ?>
<testsuite tests="5" failures="0" name="AuthenticationControllerTest" time="0.126" errors="0" skipped="0">
  <properties>
    <property name="idea.version" value="2022.3.2"/>
    <property name="java.runtime.name" value="OpenJDK Runtime Environment"/>
    <property name="java.vm.version" value="17.0.5+1-b653.25"/>
    <property name="sun.boot.library.path" value="F:\Program Files\IntelliJ IDEA 2022.3.2\jbr\bin"/>
    <property name="maven.multiModuleProjectDirectory" value="F:\Program Files\IntelliJ IDEA 2022.3.2\projects\Y_LAB_Lesson_1"/>
    <property name="java.vm.vendor" value="JetBrains s.r.o."/>
    <property name="java.vendor.url" value="https://openjdk.java.net/"/>
    <property name="guice.disable.misplaced.annotation.check" value="true"/>
    <property name="path.separator" value=";"/>
    <property name="java.vm.name" value="OpenJDK 64-Bit Server VM"/>
    <property name="sun.os.patch.level" value=""/>
    <property name="user.script" value=""/>
    <property name="user.country" value="US"/>
    <property name="sun.java.launcher" value="SUN_STANDARD"/>
    <property name="java.vm.specification.name" value="Java Virtual Machine Specification"/>
    <property name="user.dir" value="F:\Program Files\IntelliJ IDEA 2022.3.2\projects\Y_LAB_Lesson_1"/>
    <property name="jbr.virtualization.information" value="Hyper-V role"/>
    <property name="java.vm.compressedOopsMode" value="Zero based"/>
    <property name="java.runtime.version" value="17.0.5+1-b653.25"/>
    <property name="os.arch" value="amd64"/>
    <property name="java.io.tmpdir" value="C:\Users\andre\AppData\Local\Temp\"/>
    <property name="line.separator" value="
"/>
    <property name="java.vm.specification.vendor" value="Oracle Corporation"/>
    <property name="user.variant" value=""/>
    <property name="os.name" value="Windows 10"/>
    <property name="maven.ext.class.path" value="F:\Program Files\IntelliJ IDEA 2022.3.2\plugins\maven\lib\maven-event-listener.jar"/>
    <property name="classworlds.conf" value="F:\Program Files\IntelliJ IDEA 2022.3.2\plugins\maven\lib\maven3\bin\m2.conf"/>
    <property name="sun.jnu.encoding" value="Cp1252"/>
    <property name="java.library.path" value="F:\Program Files\IntelliJ IDEA 2022.3.2\jbr\bin;C:\WINDOWS\Sun\Java\bin;C:\WINDOWS\system32;C:\WINDOWS;C:\Program Files\Common Files\Oracle\Java\javapath;C:\Program Files (x86)\Common Files\Oracle\Java\javapath;C:\WINDOWS\system32;C:\WINDOWS;C:\WINDOWS\System32\Wbem;C:\WINDOWS\System32\WindowsPowerShell\v1.0\;C:\WINDOWS\System32\OpenSSH\;C:\Program Files (x86)\NVIDIA Corporation\PhysX\Common;C:\Program Files\NVIDIA Corporation\NVIDIA NvDLISR;F:\Program Files\Java\jdk-19\bin;C:\Program Files\Git\cmd;C:\Program Files\dotnet\;F:\Program Files\php\php-8.2.6-Win32-vs16-x64;F:\Program Files\Composer;C:\curl;C:\Users\andre\AppData\Roaming\nvm;C:\Program Files\nodejs;F:\Program Files\apache-jmeter-5.6.2\Jmeter\bin;;C:\Program Files\Docker\Docker\resources\bin;C:\WINDOWS\system32\config\systemprofile\AppData\Local\Microsoft\WindowsApps;F:\Program Files\IntelliJ IDEA 2022.3.2\bin;;F:\Program Files\PhpStorm 2022.2.5\bin;;C:\Users\andre\AppData\Roaming\Composer\vendor\bin;F:\Program Files\DataGrip 2022.2.5\bin;C:\Program Files\Google\Chrome\Application;;C:\Users\andre\AppData\Roaming\npm;C:\Users\andre\AppData\Roaming\nvm;C:\Program Files\nodejs;F:\Program Files\Lens\resources\cli\bin;."/>
    <property name="jansi.passthrough" value="true"/>
    <property name="maven.conf" value="F:\Program Files\IntelliJ IDEA 2022.3.2\plugins\maven\lib\maven3/conf"/>
    <property name="jdk.debug" value="release"/>
    <property name="java.class.version" value="61.0"/>
    <property name="java.specification.name" value="Java Platform API Specification"/>
    <property name="sun.management.compiler" value="HotSpot 64-Bit Tiered Compilers"/>
    <property name="os.version" value="10.0"/>
    <property name="user.home" value="C:\Users\andre"/>
    <property name="user.timezone" value="Europe/Moscow"/>
    <property name="file.encoding" value="UTF-8"/>
    <property name="java.specification.version" value="17"/>
    <property name="user.name" value="andre"/>
    <property name="java.class.path" value="F:\Program Files\IntelliJ IDEA 2022.3.2\plugins\maven\lib\maven3\boot\plexus-classworlds-2.6.0.jar;F:\Program Files\IntelliJ IDEA 2022.3.2\plugins\maven\lib\maven3\boot\plexus-classworlds.license"/>
    <property name="java.vm.specification.version" value="17"/>
    <property name="sun.arch.data.model" value="64"/>
    <property name="sun.java.command" value="org.codehaus.classworlds.Launcher -Didea.version=2022.3.2 package"/>
    <property name="java.home" value="F:\Program Files\IntelliJ IDEA 2022.3.2\jbr"/>
    <property name="user.language" value="en"/>
    <property name="java.specification.vendor" value="Oracle Corporation"/>
    <property name="java.vm.info" value="mixed mode"/>
    <property name="java.version" value="17.0.5"/>
    <property name="native.encoding" value="Cp1252"/>
    <property name="java.vendor" value="JetBrains s.r.o."/>
    <property name="maven.home" value="F:\Program Files\IntelliJ IDEA 2022.3.2\plugins\maven\lib\maven3"/>
    <property name="file.separator" value="\"/>
    <property name="java.version.date" value="2022-10-18"/>
    <property name="java.vendor.url.bug" value="https://bugreport.java.com/bugreport/"/>
    <property name="sun.io.unicode.encoding" value="UnicodeLittle"/>
    <property name="sun.cpu.endian" value="little"/>
    <property name="java.vendor.version" value="JBR-17.0.5+1-653.25-jcef"/>
    <property name="sun.cpu.isalist" value="amd64"/>
  </properties>
  <testcase classname="AuthenticationControllerTest" name="AuthenticationControllerTest.testRegisterUser_SuccessfullyRegistered" time="0.126"/>
  <testcase classname="AuthenticationControllerTest" name="AuthenticationControllerTest.testAuthUser_SuccessfullyAuthenticated" time="0"/>
  <testcase classname="AuthenticationControllerTest" name="AuthenticationControllerTest.testRegisterUser_DuplicateUser" time="0"/>
  <testcase classname="AuthenticationControllerTest" name="AuthenticationControllerTest.testAuthUser_EmptyUserList" time="0"/>
  <testcase classname="AuthenticationControllerTest" name="AuthenticationControllerTest.testAuthUser_UnknownUser" time="0"/>
</testsuite>